         ns       /mp2_cpu/theDatapath/DATAOUT                
          delta                    /mp2_cpu/ADDRESS           
                                   /mp2_cpu/MWRITEH_L         
                                     /mp2_cpu/MWRITEL_L       
          0  +0                           XXXX XXXX U U 
          0  +1                           XXXX XXXX 1 1 
       8631  +0                           01E0 00F4 0 0 
       9175  +2                           01E0 00F4 1 1 
      14181  +0                           000A 00F6 0 0 
      14725  +2                           000A 00F6 1 1 
      17631  +0                           4537 00F8 0 0 
      18175  +2                           4537 00F8 1 1 
      27981  +0                           A342 00FA 0 0 
      28525  +2                           A342 00FA 1 1 
      29331  +0                           01A1 00FC 0 0 
      29875  +2                           01A1 00FC 1 1 
      30681  +0                           FE62 00FE 0 0 
      31225  +2                           FE62 00FE 1 1 
      32781  +0                           0100 0102 0 0 
      33325  +2                           0100 0102 1 1 
      35481  +0                           FE6F 0100 0 0 
      36025  +2                           FE6F 0100 1 1 
      58581  +0                           001A 0102 0 0 
      59125  +2                           001A 0102 1 1 
      63581  +0                           FF9B 0104 0 0 
      64125  +2                           FF9B 0104 1 1 
      67181  +0                           000D 0106 0 0 
      67725  +2                           000D 0106 1 1 
      74131  +0                           517A 0108 0 0 
      74675  +2                           517A 0108 1 1 
      80431  +0                           0133 010A 0 0 
      80975  +2                           0133 010A 1 1 
      84081  +0                           9000 010D 0 1 
      84625  +2                           9000 010D 1 1 
      85481  +0                           00AC 010C 1 0 
      86025  +2                           00AC 010C 1 1 
      88181  +0                           90AC 010A 0 0 
      88725  +2                           90AC 010A 1 1 
      90281  +0                           00F2 0110 0 0 
      90825  +2                           00F2 0110 1 1 
      93581  +0                           0646 010E 0 0 
      94125  +2                           0646 010E 1 1 
      98531  +0                           126C 00A2 0 0 
      99075  +2                           126C 00A2 1 1 
     100631  +0                           000C 0112 0 0 
     101175  +2                           000C 0112 1 1 
     104831  +0                           AE85 0114 0 0 
     105375  +2                           AE85 0114 1 1 
     114031  +0                           600D 0116 0 0 
     114575  +2                           600D 0116 1 1 
     118431  +0                           00D8 0118 0 0 
     118975  +2                           00D8 0118 1 1 
